Fri Dec 11 11:36:41 2015				Page     1


 
Update Symbols/Modules Logfile
	Fri Dec 11 11:36:41 2015

------ Module Refresh Messages ------

SUMMARY:    Updated 0 out of 0 modules

------ End Module Messages     ------



(---------------------------------------------------------------------)
(                                                                     )
(    Refresh Symbol                                                   )
(                                                                     )
(    Drawing          : LAUNCHXL-CC1310.brd                           )
(    Software Version : 16.6S019                                      )
(    Date/Time        : Fri Dec 11 11:36:42 2015                      )
(                                                                     )
(---------------------------------------------------------------------)


Fri Dec 11 11:36:42 2015				Page     1


------ Symbol Refresh Directives ------

Input design = 'C:/kht/work/CC1310_launchpad/LAUNCHPAD_CC1310_1_2_0/Cadence/Allegro/LAUNCHXL-CC1310.brd'
Output design = ''
Update mechanical symbols = 'NO'
Update format symbols = 'NO'
Update package symbols = 'NO'
Update shape/flash symbols = 'NO'
Update symbol padstacks = 'NO'
Reset symbol text and size locations = 'NO'
Reset Pin Escapes (fanouts) = 'NO'
Ripup Etch = 'NO'
Reset custom drill data = 'NO'
Symbol list file = 'C:/Users/a0190588/AppData/Local/Temp/#Taaaaau08808.tmp'


------ Library Paths ------
PSMPATH =  . 
           symbols 
           .. 
           ../symbols 
           C:\Cadence\SPB_16.6/symbols 
           C:/Cadence/SPB_16.6/share/pcb/pcb_lib/symbols 
           C:/Cadence/SPB_16.6/share/pcb/allegrolib/symbols 
           x:/padstacks 
           x:/Footprints 
           x:/mech 

PADPATH =  . 
           symbols 
           .. 
           ../symbols 
           C:\Cadence\SPB_16.6/padstacks 
           C:/Cadence/SPB_16.6/share/pcb/pcb_lib/symbols 
           C:/Cadence/SPB_16.6/share/pcb/allegrolib/symbols 
           x:/padstacks 
           x:/Footprints 


------ Symbol Refresh Messages ------

'FIL_BLM18HE152SN1DL'  symbol refreshed successfully.


----- Symbol Update Summary ----

Updated symbols: 1 out 1
    Design updated.

